<?xml version="1.0" encoding="UTF-8"?>
<robot generator="Robot 6.0 (Python 3.10.7 on win32)" generated="20221129 09:54:37.425" rpa="false" schemaversion="3">
<suite id="s1" name="Scenario" source="C:\Users\Admin\Desktop\Scrum\mixapp_robot\scenario.robot">
<test id="s1-t1" name="Test1" line="7">
<kw name="Get Username">
<msg timestamp="20221129 09:54:40.566" level="FAIL">No keyword with name 'Get Username' found.</msg>
<status status="FAIL" starttime="20221129 09:54:40.566" endtime="20221129 09:54:40.566"/>
</kw>
<kw name="OpenWebSiteChrome" library="ConexionSiteWeb">
<status status="NOT RUN" starttime="20221129 09:54:40.567" endtime="20221129 09:54:40.567"/>
</kw>
<kw name="ShowMainMenu" library="AfficherMenuPrincipale">
<status status="NOT RUN" starttime="20221129 09:54:40.569" endtime="20221129 09:54:40.569"/>
</kw>
<kw name="CreateAugmenterUneImageActivity" library="CreateActivity">
<status status="NOT RUN" starttime="20221129 09:54:40.570" endtime="20221129 09:54:40.570"/>
</kw>
<kw name="PasserEtapeMarqueur" library="Nomage">
<status status="NOT RUN" starttime="20221129 09:54:40.571" endtime="20221129 09:54:40.571"/>
</kw>
<kw name="AfficherCreationStage" library="Commun">
<status status="NOT RUN" starttime="20221129 09:54:40.571" endtime="20221129 09:54:40.571"/>
</kw>
<kw name="ImporterImage" library="Marqueur">
<status status="NOT RUN" starttime="20221129 09:54:40.572" endtime="20221129 09:54:40.572"/>
</kw>
<kw name="PasserEtapeAugmentation" library="Marqueur">
<status status="NOT RUN" starttime="20221129 09:54:40.573" endtime="20221129 09:54:40.573"/>
</kw>
<kw name="Close Browser" library="Selenium2Library" type="TEARDOWN">
<doc>Closes the current browser.</doc>
<status status="PASS" starttime="20221129 09:54:40.574" endtime="20221129 09:54:40.575"/>
</kw>
<status status="FAIL" starttime="20221129 09:54:40.276" endtime="20221129 09:54:40.576">No keyword with name 'Get Username' found.</status>
</test>
<status status="FAIL" starttime="20221129 09:54:37.464" endtime="20221129 09:54:40.579"/>
</suite>
<statistics>
<total>
<stat pass="0" fail="1" skip="0">All Tests</stat>
</total>
<tag>
</tag>
<suite>
<stat pass="0" fail="1" skip="0" id="s1" name="Scenario">Scenario</stat>
</suite>
</statistics>
<errors>
<msg timestamp="20221129 09:54:39.859" level="ERROR">Error in file 'C:\Users\Admin\Desktop\Scrum\mixapp_robot\Import.robot' on line 4: Importing library 'RPA.Desktop.Windows' failed: ModuleNotFoundError: No module named 'RPA'
Traceback (most recent call last):
  None
PYTHONPATH:
  C:\Users\Admin\Desktop\Scrum\mixapp_robot
  C:\Python310\python310.zip
  C:\Python310\DLLs
  C:\Python310\lib
  C:\Python310
  C:\Users\Admin\AppData\Roaming\Python\Python310\site-packages
  C:\Users\Admin\AppData\Roaming\Python\Python310\site-packages\win32
  C:\Users\Admin\AppData\Roaming\Python\Python310\site-packages\win32\lib
  C:\Users\Admin\AppData\Roaming\Python\Python310\site-packages\Pythonwin
  C:\Python310\lib\site-packages</msg>
</errors>
</robot>
